 Job Title:
 Molecular Nitrogen: data of Phelps & Pitchford                                  


                          *****************
                          *               *
                          * E L E N D I F *
                          *               *
                          *****************

               TIME-DEPENDENT BOLTZMANN SOLUTION OF THE
                ELECTRON ENERGY DISTRIBUTION FUNCTION


                       THE COMPONENT GASES ARE:
     Comp. No.    Gas    Fract. Composition    Fract. Ionization
         1    N2              1.0000E+00            0.0000E+00

                      ELECTRIC FIELD PARAMETERS
                      E/N                   E/P
                   (V-sq.cm)            (V/cm/Torr)
                  1.000E-16             3.220E+00

                    ELECTRON COLLISIONAL PROCESSES

                           Component No.   1
  (10 Vibrational Levels   13 Electronic Levels    1 Other States )
                        Vibrational Processes
       L      Energy Loss      Vib. Temperature      Process
                  (eV)              (K)
       1         0.020           0.000E+00           N2 ROTATIONAL                 
       2         0.290           0.000E+00           N2 VIBRATIONAL (V=1)          
       3         0.291           0.000E+00           N2 VIBRATIONAL (V=1)          
       4         0.590           0.000E+00           N2 VIBRATIONAL (V=2)          
       5         0.880           0.000E+00           N2 VIBRATIONAL (V=3)          
       6         1.170           0.000E+00           N2 VIBRATIONAL (V=4)          
       7         1.470           0.000E+00           N2 VIBRATIONAL (V=5)          
       8         1.760           0.000E+00           N2 VIBRATIONAL (V=6)          
       9         2.060           0.000E+00           N2 VIBRATIONAL (V=7)          
      10         2.350           0.000E+00           N2 VIBRATIONAL (V=8)          
                         Electronic Processes
       L      Energy Loss      Rel. Population       Process
                  (eV)
      11         6.170           0.000E+00           N2 ELECTRONIC (A3 V=0-4)      
      12         7.000           0.000E+00           N2 ELECTRONIC (A3 V=5-9)      
      13         7.350           0.000E+00           N2 ELECTRONIC (B3)            
      14         7.360           0.000E+00           N2 ELECTRONIC (W3)            
      15         7.800           0.000E+00           N2 ELECTRONIC (A3 V=10-)      
      16         8.160           0.000E+00           N2 ELECTRONIC (B-3)           
      17         8.400           0.000E+00           N2 ELECTRONIC (A-1)           
      18         8.550           0.000E+00           N2 ELECTRONIC (A1)            
      19         8.890           0.000E+00           N2 ELECTRONIC (W1)            
      20        11.030           0.000E+00           N2 ELECTRONIC (C3)            
      21        11.880           0.000E+00           N2 ELECTRONIC (E3)            
      22        12.250           0.000E+00           N2 ELECTRONIC (A1)            
      23        13.000           0.000E+00           N2 SUM OF SINGLET STATES      
                           Other Processes
       L      Energy Loss                            Process
                  (eV)
      24        15.600                               N2 IONIZATION                 

                       CALCULATIONAL PARAMETERS
     No. of Grid Points     Upper Integration Limit     Time Step
                                      (eV)                (sec)
           200                         5.0              1.000E-08

                            GAS PARAMETERS
                 Pressure     Temperature     Density
                   (atm)          (K)          (/cc)
                1.000E+00        300.1       2.429E+19

                         ELECTRON PARAMETERS
                   Density     Initial Temperature
                    (/cc)            (eV)
                   1.000E+14        1.000E+00

                            PHOTON PROCESS
           Photon Energy     Power Density     Photon Flux
